# JRE version: Java(TM) SE Runtime Environment (8.0_221-b11) (build 1.8.0_221-b11)
# Java VM: Java HotSpot(TM) 64-Bit Server VM (25.221-b11 mixed mode bsd-amd64 compressed oops)
Heap:
 PSYoungGen      total 697856K, used 627828K [0x0000000795580000, 0x00000007c0000000, 0x00000007c0000000)
  eden space 696832K, 90% used [0x0000000795580000,0x00000007bb9f88c8,0x00000007bfe00000)
  from space 1024K, 64% used [0x00000007bfe00000,0x00000007bfea4ad0,0x00000007bff00000)
  to   space 1024K, 0% used [0x00000007bff00000,0x00000007bff00000,0x00000007c0000000)
 ParOldGen       total 1398272K, used 1366419K [0x0000000740000000, 0x0000000795580000, 0x0000000795580000)
  object space 1398272K, 97% used [0x0000000740000000,0x0000000793664fa8,0x0000000795580000)
 Metaspace       used 37040K, capacity 37708K, committed 38016K, reserved 1083392K
  class space    used 4205K, capacity 4397K, committed 4480K, reserved 1048576K
GC Heap History (10 events):
Event: 381.951 GC heap before
{Heap before GC invocations=2366 (full 9):
 PSYoungGen      total 697856K, used 697352K [0x0000000795580000, 0x00000007c0000000, 0x00000007c0000000)
  eden space 696832K, 100% used [0x0000000795580000,0x00000007bfe00000,0x00000007bfe00000)
  from space 1024K, 50% used [0x00000007bff00000,0x00000007bff822e0,0x00000007c0000000)
  to   space 1024K, 0% used [0x00000007bfe00000,0x00000007bfe00000,0x00000007bff00000)
 ParOldGen       total 1398272K, used 1364843K [0x0000000740000000, 0x0000000795580000, 0x0000000795580000)
  object space 1398272K, 97% used [0x0000000740000000,0x00000007934dafa8,0x0000000795580000)
 Metaspace       used 37040K, capacity 37708K, committed 38016K, reserved 1083392K
  class space    used 4205K, capacity 4397K, committed 4480K, reserved 1048576K
Event: 381.957 GC heap after
Heap after GC invocations=2366 (full 9):
 PSYoungGen      total 697856K, used 780K [0x0000000795580000, 0x00000007c0000000, 0x00000007c0000000)
  eden space 696832K, 0% used [0x0000000795580000,0x0000000795580000,0x00000007bfe00000)
  from space 1024K, 76% used [0x00000007bfe00000,0x00000007bfec31e0,0x00000007bff00000)
  to   space 1024K, 0% used [0x00000007bff00000,0x00000007bff00000,0x00000007c0000000)
 ParOldGen       total 1398272K, used 1365139K [0x0000000740000000, 0x0000000795580000, 0x0000000795580000)
  object space 1398272K, 97% used [0x0000000740000000,0x0000000793524fa8,0x0000000795580000)
 Metaspace       used 37040K, capacity 37708K, committed 38016K, reserved 1083392K
  class space    used 4205K, capacity 4397K, committed 4480K, reserved 1048576K
}
Event: 382.113 GC heap before
{Heap before GC invocations=2367 (full 9):
 PSYoungGen      total 697856K, used 697612K [0x0000000795580000, 0x00000007c0000000, 0x00000007c0000000)
  eden space 696832K, 100% used [0x0000000795580000,0x00000007bfe00000,0x00000007bfe00000)
  from space 1024K, 76% used [0x00000007bfe00000,0x00000007bfec31e0,0x00000007bff00000)
  to   space 1024K, 0% used [0x00000007bff00000,0x00000007bff00000,0x00000007c0000000)
 ParOldGen       total 1398272K, used 1365139K [0x0000000740000000, 0x0000000795580000, 0x0000000795580000)
  object space 1398272K, 97% used [0x0000000740000000,0x0000000793524fa8,0x0000000795580000)
 Metaspace       used 37040K, capacity 37708K, committed 38016K, reserved 1083392K
  class space    used 4205K, capacity 4397K, committed 4480K, reserved 1048576K
Event: 382.118 GC heap after
Heap after GC invocations=2367 (full 9):
 PSYoungGen      total 697856K, used 579K [0x0000000795580000, 0x00000007c0000000, 0x00000007c0000000)
  eden space 696832K, 0% used [0x0000000795580000,0x0000000795580000,0x00000007bfe00000)
  from space 1024K, 56% used [0x00000007bff00000,0x00000007bff90f00,0x00000007c0000000)
  to   space 1024K, 0% used [0x00000007bfe00000,0x00000007bfe00000,0x00000007bff00000)
 ParOldGen       total 1398272K, used 1365515K [0x0000000740000000, 0x0000000795580000, 0x0000000795580000)
  object space 1398272K, 97% used [0x0000000740000000,0x0000000793582fa8,0x0000000795580000)
 Metaspace       used 37040K, capacity 37708K, committed 38016K, reserved 1083392K
  class space    used 4205K, capacity 4397K, committed 4480K, reserved 1048576K
}
Event: 382.278 GC heap before
{Heap before GC invocations=2368 (full 9):
 PSYoungGen      total 697856K, used 697411K [0x0000000795580000, 0x00000007c0000000, 0x00000007c0000000)
  eden space 696832K, 100% used [0x0000000795580000,0x00000007bfe00000,0x00000007bfe00000)
  from space 1024K, 56% used [0x00000007bff00000,0x00000007bff90f00,0x00000007c0000000)
  to   space 1024K, 0% used [0x00000007bfe00000,0x00000007bfe00000,0x00000007bff00000)
 ParOldGen       total 1398272K, used 1365515K [0x0000000740000000, 0x0000000795580000, 0x0000000795580000)
  object space 1398272K, 97% used [0x0000000740000000,0x0000000793582fa8,0x0000000795580000)
 Metaspace       used 37040K, capacity 37708K, committed 38016K, reserved 1083392K
  class space    used 4205K, capacity 4397K, committed 4480K, reserved 1048576K
Event: 382.281 GC heap after
Heap after GC invocations=2368 (full 9):
 PSYoungGen      total 697856K, used 666K [0x0000000795580000, 0x00000007c0000000, 0x00000007c0000000)
  eden space 696832K, 0% used [0x0000000795580000,0x0000000795580000,0x00000007bfe00000)
  from space 1024K, 65% used [0x00000007bfe00000,0x00000007bfea6a60,0x00000007bff00000)
  to   space 1024K, 0% used [0x00000007bff00000,0x00000007bff00000,0x00000007c0000000)
 ParOldGen       total 1398272K, used 1365811K [0x0000000740000000, 0x0000000795580000, 0x0000000795580000)
  object space 1398272K, 97% used [0x0000000740000000,0x00000007935ccfa8,0x0000000795580000)
 Metaspace       used 37040K, capacity 37708K, committed 38016K, reserved 1083392K
  class space    used 4205K, capacity 4397K, committed 4480K, reserved 1048576K
}
Event: 382.464 GC heap before
{Heap before GC invocations=2369 (full 9):
 PSYoungGen      total 697856K, used 697498K [0x0000000795580000, 0x00000007c0000000, 0x00000007c0000000)
  eden space 696832K, 100% used [0x0000000795580000,0x00000007bfe00000,0x00000007bfe00000)
  from space 1024K, 65% used [0x00000007bfe00000,0x00000007bfea6a60,0x00000007bff00000)
  to   space 1024K, 0% used [0x00000007bff00000,0x00000007bff00000,0x00000007c0000000)
 ParOldGen       total 1398272K, used 1365811K [0x0000000740000000, 0x0000000795580000, 0x0000000795580000)
  object space 1398272K, 97% used [0x0000000740000000,0x00000007935ccfa8,0x0000000795580000)
 Metaspace       used 37040K, capacity 37708K, committed 38016K, reserved 1083392K
  class space    used 4205K, capacity 4397K, committed 4480K, reserved 1048576K
Event: 382.469 GC heap after
Heap after GC invocations=2369 (full 9):
 PSYoungGen      total 697856K, used 500K [0x0000000795580000, 0x00000007c0000000, 0x00000007c0000000)
  eden space 696832K, 0% used [0x0000000795580000,0x0000000795580000,0x00000007bfe00000)
  from space 1024K, 48% used [0x00000007bff00000,0x00000007bff7d170,0x00000007c0000000)
  to   space 1024K, 0% used [0x00000007bfe00000,0x00000007bfe00000,0x00000007bff00000)
 ParOldGen       total 1398272K, used 1366155K [0x0000000740000000, 0x0000000795580000, 0x0000000795580000)
  object space 1398272K, 97% used [0x0000000740000000,0x0000000793622fa8,0x0000000795580000)
 Metaspace       used 37040K, capacity 37708K, committed 38016K, reserved 1083392K
  class space    used 4205K, capacity 4397K, committed 4480K, reserved 1048576K
}
Event: 382.617 GC heap before
{Heap before GC invocations=2370 (full 9):
 PSYoungGen      total 697856K, used 697332K [0x0000000795580000, 0x00000007c0000000, 0x00000007c0000000)
  eden space 696832K, 100% used [0x0000000795580000,0x00000007bfe00000,0x00000007bfe00000)
  from space 1024K, 48% used [0x00000007bff00000,0x00000007bff7d170,0x00000007c0000000)
  to   space 1024K, 0% used [0x00000007bfe00000,0x00000007bfe00000,0x00000007bff00000)
 ParOldGen       total 1398272K, used 1366155K [0x0000000740000000, 0x0000000795580000, 0x0000000795580000)
  object space 1398272K, 97% used [0x0000000740000000,0x0000000793622fa8,0x0000000795580000)
 Metaspace       used 37040K, capacity 37708K, committed 38016K, reserved 1083392K
  class space    used 4205K, capacity 4397K, committed 4480K, reserved 1048576K
Event: 382.623 GC heap after
Heap after GC invocations=2370 (full 9):
 PSYoungGen      total 697856K, used 658K [0x0000000795580000, 0x00000007c0000000, 0x00000007c0000000)
  eden space 696832K, 0% used [0x0000000795580000,0x0000000795580000,0x00000007bfe00000)
  from space 1024K, 64% used [0x00000007bfe00000,0x00000007bfea4ad0,0x00000007bff00000)
  to   space 1024K, 0% used [0x00000007bff00000,0x00000007bff00000,0x00000007c0000000)
 ParOldGen       total 1398272K, used 1366419K [0x0000000740000000, 0x0000000795580000, 0x0000000795580000)
  object space 1398272K, 97% used [0x0000000740000000,0x0000000793664fa8,0x0000000795580000)
 Metaspace       used 37040K, capacity 37708K, committed 38016K, reserved 1083392K
  class space    used 4205K, capacity 4397K, committed 4480K, reserved 1048576K
}

